2024-09-01 10:16:07.209 INFO  com.etc.mywiki.MyWikiApplication                  :50   [32m                  [0;39m Starting MyWikiApplication using Java 21.0.1 with PID 23312 (D:\software\coding\idea\ideacode\mywiki\target\classes started by 13578 in D:\software\coding\idea\ideacode\MyWiki)
2024-09-01 10:16:07.212 INFO  com.etc.mywiki.MyWikiApplication                  :654  [32m                  [0;39m No active profile set, falling back to 1 default profile: "default"
2024-09-01 10:16:07.918 INFO  o.s.d.r.config.RepositoryConfigurationDelegate    :143  [32m                  [0;39m Bootstrapping Spring Data JPA repositories in DEFAULT mode.
2024-09-01 10:16:07.943 INFO  o.s.d.r.config.RepositoryConfigurationDelegate    :211  [32m                  [0;39m Finished Spring Data repository scanning in 14 ms. Found 0 JPA repository interfaces.
2024-09-01 10:16:08.508 INFO  o.s.boot.web.embedded.tomcat.TomcatWebServer      :109  [32m                  [0;39m Tomcat initialized with port 8088 (http)
2024-09-01 10:16:08.519 INFO  org.apache.coyote.http11.Http11NioProtocol        :173  [32m                  [0;39m Initializing ProtocolHandler ["http-nio-8088"]
2024-09-01 10:16:08.521 INFO  org.apache.catalina.core.StandardService          :173  [32m                  [0;39m Starting service [Tomcat]
2024-09-01 10:16:08.522 INFO  org.apache.catalina.core.StandardEngine           :173  [32m                  [0;39m Starting Servlet engine: [Apache Tomcat/10.1.25]
2024-09-01 10:16:08.599 INFO  o.a.c.core.ContainerBase.[Tomcat].[localhost].[/] :173  [32m                  [0;39m Initializing Spring embedded WebApplicationContext
2024-09-01 10:16:08.600 INFO  o.s.b.w.s.c.ServletWebServerApplicationContext    :296  [32m                  [0;39m Root WebApplicationContext: initialization completed in 1343 ms
2024-09-01 10:16:08.733 INFO  com.zaxxer.hikari.HikariDataSource                :110  [32m                  [0;39m HikariPool-1 - Starting...
2024-09-01 10:16:08.895 INFO  com.zaxxer.hikari.pool.HikariPool                 :565  [32m                  [0;39m HikariPool-1 - Added connection com.mysql.cj.jdbc.ConnectionImpl@26275b46
2024-09-01 10:16:08.897 INFO  com.zaxxer.hikari.HikariDataSource                :123  [32m                  [0;39m HikariPool-1 - Start completed.
2024-09-01 10:16:08.946 INFO  org.hibernate.jpa.internal.util.LogHelper         :31   [32m                  [0;39m HHH000204: Processing PersistenceUnitInfo [name: default]
2024-09-01 10:16:09.027 INFO  org.hibernate.Version                             :44   [32m                  [0;39m HHH000412: Hibernate ORM core version 6.4.9.Final
2024-09-01 10:16:09.071 INFO  o.hibernate.cache.internal.RegionFactoryInitiator :50   [32m                  [0;39m HHH000026: Second-level cache disabled
2024-09-01 10:16:09.330 INFO  o.s.o.j.persistenceunit.SpringPersistenceUnitInfo :87   [32m                  [0;39m No LoadTimeWeaver setup: ignoring JPA class transformer
2024-09-01 10:16:10.254 INFO  o.h.e.t.jta.platform.internal.JtaPlatformInitiator:58   [32m                  [0;39m HHH000489: No JTA platform available (set 'hibernate.transaction.jta.platform' to enable JTA platform integration)
2024-09-01 10:16:10.257 INFO  o.s.orm.jpa.LocalContainerEntityManagerFactoryBean:437  [32m                  [0;39m Initialized JPA EntityManagerFactory for persistence unit 'default'
2024-09-01 10:16:10.578 WARN  o.s.b.a.o.j.JpaBaseConfiguration$JpaWebConfiguration:232  [32m                  [0;39m spring.jpa.open-in-view is enabled by default. Therefore, database queries may be performed during view rendering. Explicitly configure spring.jpa.open-in-view to disable this warning
2024-09-01 10:16:11.097 INFO  org.apache.coyote.http11.Http11NioProtocol        :173  [32m                  [0;39m Starting ProtocolHandler ["http-nio-8088"]
2024-09-01 10:16:11.113 INFO  o.s.boot.web.embedded.tomcat.TomcatWebServer      :241  [32m                  [0;39m Tomcat started on port 8088 (http) with context path ''
2024-09-01 10:16:11.121 INFO  com.etc.mywiki.MyWikiApplication                  :56   [32m                  [0;39m Started MyWikiApplication in 4.394 seconds (process running for 7.779)
2024-09-01 10:16:59.015 INFO  o.a.c.core.ContainerBase.[Tomcat].[localhost].[/] :173  [32m                  [0;39m Initializing Spring DispatcherServlet 'dispatcherServlet'
2024-09-01 10:16:59.015 INFO  org.springframework.web.servlet.DispatcherServlet :532  [32m                  [0;39m Initializing Servlet 'dispatcherServlet'
2024-09-01 10:16:59.017 INFO  org.springframework.web.servlet.DispatcherServlet :554  [32m                  [0;39m Completed initialization in 0 ms
2024-09-01 10:22:32.367 INFO  o.s.orm.jpa.LocalContainerEntityManagerFactoryBean:650  [32m                  [0;39m Closing JPA EntityManagerFactory for persistence unit 'default'
2024-09-01 10:22:32.370 INFO  com.zaxxer.hikari.HikariDataSource                :350  [32m                  [0;39m HikariPool-1 - Shutdown initiated...
2024-09-01 10:22:32.379 INFO  com.zaxxer.hikari.HikariDataSource                :352  [32m                  [0;39m HikariPool-1 - Shutdown completed.
