2024-09-02 00:02:51.449 INFO  o.s.orm.jpa.LocalContainerEntityManagerFactoryBean:650  [32m                  [0;39m Closing JPA EntityManagerFactory for persistence unit 'default'
2024-09-02 00:02:51.454 INFO  com.zaxxer.hikari.HikariDataSource                :350  [32m                  [0;39m HikariPool-1 - Shutdown initiated...
2024-09-02 00:02:51.457 INFO  com.zaxxer.hikari.HikariDataSource                :352  [32m                  [0;39m HikariPool-1 - Shutdown completed.
2024-09-02 12:26:17.862 INFO  com.etc.mywiki.MyWikiApplication                  :50   [32m                  [0;39m Starting MyWikiApplication using Java 21.0.1 with PID 22808 (D:\software\coding\idea\ideacode\mywiki\target\classes started by 13578 in D:\software\coding\idea\ideacode\MyWiki)
2024-09-02 12:26:17.865 INFO  com.etc.mywiki.MyWikiApplication                  :654  [32m                  [0;39m No active profile set, falling back to 1 default profile: "default"
2024-09-02 12:26:18.557 INFO  o.s.d.r.config.RepositoryConfigurationDelegate    :143  [32m                  [0;39m Bootstrapping Spring Data JPA repositories in DEFAULT mode.
2024-09-02 12:26:18.579 INFO  o.s.d.r.config.RepositoryConfigurationDelegate    :211  [32m                  [0;39m Finished Spring Data repository scanning in 13 ms. Found 0 JPA repository interfaces.
2024-09-02 12:26:19.095 INFO  o.s.boot.web.embedded.tomcat.TomcatWebServer      :109  [32m                  [0;39m Tomcat initialized with port 8088 (http)
2024-09-02 12:26:19.106 INFO  org.apache.coyote.http11.Http11NioProtocol        :173  [32m                  [0;39m Initializing ProtocolHandler ["http-nio-8088"]
2024-09-02 12:26:19.109 INFO  org.apache.catalina.core.StandardService          :173  [32m                  [0;39m Starting service [Tomcat]
2024-09-02 12:26:19.109 INFO  org.apache.catalina.core.StandardEngine           :173  [32m                  [0;39m Starting Servlet engine: [Apache Tomcat/10.1.25]
2024-09-02 12:26:19.166 INFO  o.a.c.core.ContainerBase.[Tomcat].[localhost].[/] :173  [32m                  [0;39m Initializing Spring embedded WebApplicationContext
2024-09-02 12:26:19.167 INFO  o.s.b.w.s.c.ServletWebServerApplicationContext    :296  [32m                  [0;39m Root WebApplicationContext: initialization completed in 1257 ms
2024-09-02 12:26:19.298 INFO  com.zaxxer.hikari.HikariDataSource                :110  [32m                  [0;39m HikariPool-1 - Starting...
2024-09-02 12:26:19.443 INFO  com.zaxxer.hikari.pool.HikariPool                 :565  [32m                  [0;39m HikariPool-1 - Added connection com.mysql.cj.jdbc.ConnectionImpl@134a8ead
2024-09-02 12:26:19.445 INFO  com.zaxxer.hikari.HikariDataSource                :123  [32m                  [0;39m HikariPool-1 - Start completed.
2024-09-02 12:26:19.484 INFO  org.hibernate.jpa.internal.util.LogHelper         :31   [32m                  [0;39m HHH000204: Processing PersistenceUnitInfo [name: default]
2024-09-02 12:26:19.559 INFO  org.hibernate.Version                             :44   [32m                  [0;39m HHH000412: Hibernate ORM core version 6.4.9.Final
2024-09-02 12:26:19.595 INFO  o.hibernate.cache.internal.RegionFactoryInitiator :50   [32m                  [0;39m HHH000026: Second-level cache disabled
2024-09-02 12:26:19.855 INFO  o.s.o.j.persistenceunit.SpringPersistenceUnitInfo :87   [32m                  [0;39m No LoadTimeWeaver setup: ignoring JPA class transformer
2024-09-02 12:26:20.788 INFO  o.h.e.t.jta.platform.internal.JtaPlatformInitiator:58   [32m                  [0;39m HHH000489: No JTA platform available (set 'hibernate.transaction.jta.platform' to enable JTA platform integration)
2024-09-02 12:26:20.791 INFO  o.s.orm.jpa.LocalContainerEntityManagerFactoryBean:437  [32m                  [0;39m Initialized JPA EntityManagerFactory for persistence unit 'default'
2024-09-02 12:26:21.126 WARN  o.s.b.a.o.j.JpaBaseConfiguration$JpaWebConfiguration:232  [32m                  [0;39m spring.jpa.open-in-view is enabled by default. Therefore, database queries may be performed during view rendering. Explicitly configure spring.jpa.open-in-view to disable this warning
2024-09-02 12:26:21.624 INFO  org.apache.coyote.http11.Http11NioProtocol        :173  [32m                  [0;39m Starting ProtocolHandler ["http-nio-8088"]
2024-09-02 12:26:21.639 INFO  o.s.boot.web.embedded.tomcat.TomcatWebServer      :241  [32m                  [0;39m Tomcat started on port 8088 (http) with context path ''
2024-09-02 12:26:21.647 INFO  com.etc.mywiki.MyWikiApplication                  :56   [32m                  [0;39m Started MyWikiApplication in 4.271 seconds (process running for 5.48)
2024-09-02 12:26:34.585 INFO  o.a.c.core.ContainerBase.[Tomcat].[localhost].[/] :173  [32m                  [0;39m Initializing Spring DispatcherServlet 'dispatcherServlet'
2024-09-02 12:26:34.585 INFO  org.springframework.web.servlet.DispatcherServlet :532  [32m                  [0;39m Initializing Servlet 'dispatcherServlet'
2024-09-02 12:26:34.586 INFO  org.springframework.web.servlet.DispatcherServlet :554  [32m                  [0;39m Completed initialization in 1 ms
2024-09-02 12:26:34.666 WARN  o.s.w.s.m.support.DefaultHandlerExceptionResolver :247  [32m                  [0;39m Resolved [org.springframework.web.method.annotation.MethodArgumentTypeMismatchException: Failed to convert value of type 'java.lang.String' to required type 'int'; For input string: "pages"]
2024-09-02 15:00:45.555 WARN  o.s.w.s.m.support.DefaultHandlerExceptionResolver :247  [32m                  [0;39m Resolved [org.springframework.web.method.annotation.MethodArgumentTypeMismatchException: Failed to convert value of type 'java.lang.String' to required type 'int'; For input string: "undefined"]
2024-09-02 15:00:45.559 WARN  o.s.w.s.m.support.DefaultHandlerExceptionResolver :247  [32m                  [0;39m Resolved [org.springframework.web.method.annotation.MethodArgumentTypeMismatchException: Failed to convert value of type 'java.lang.String' to required type 'int'; For input string: "undefined"]
2024-09-02 15:00:53.213 WARN  o.s.w.s.m.support.DefaultHandlerExceptionResolver :247  [32m                  [0;39m Resolved [org.springframework.web.method.annotation.MethodArgumentTypeMismatchException: Failed to convert value of type 'java.lang.String' to required type 'int'; For input string: "undefined"]
2024-09-02 15:00:55.158 WARN  o.s.w.s.m.support.DefaultHandlerExceptionResolver :247  [32m                  [0;39m Resolved [org.springframework.web.method.annotation.MethodArgumentTypeMismatchException: Failed to convert value of type 'java.lang.String' to required type 'int'; For input string: "undefined"]
2024-09-02 15:08:49.557 WARN  o.s.w.s.m.support.DefaultHandlerExceptionResolver :247  [32m                  [0;39m Resolved [org.springframework.web.method.annotation.MethodArgumentTypeMismatchException: Failed to convert value of type 'java.lang.String' to required type 'int'; For input string: "undefined"]
2024-09-02 15:08:49.565 WARN  o.s.w.s.m.support.DefaultHandlerExceptionResolver :247  [32m                  [0;39m Resolved [org.springframework.web.method.annotation.MethodArgumentTypeMismatchException: Failed to convert value of type 'java.lang.String' to required type 'int'; For input string: "undefined"]
2024-09-02 15:09:03.048 WARN  o.s.w.s.m.support.DefaultHandlerExceptionResolver :247  [32m                  [0;39m Resolved [org.springframework.web.method.annotation.MethodArgumentTypeMismatchException: Failed to convert value of type 'java.lang.String' to required type 'int'; For input string: "undefined"]
2024-09-02 15:15:10.446 WARN  o.s.w.s.m.support.DefaultHandlerExceptionResolver :247  [32m                  [0;39m Resolved [org.springframework.web.method.annotation.MethodArgumentTypeMismatchException: Failed to convert value of type 'java.lang.String' to required type 'int'; For input string: "undefined"]
2024-09-02 15:15:10.455 WARN  o.s.w.s.m.support.DefaultHandlerExceptionResolver :247  [32m                  [0;39m Resolved [org.springframework.web.method.annotation.MethodArgumentTypeMismatchException: Failed to convert value of type 'java.lang.String' to required type 'int'; For input string: "undefined"]
2024-09-02 15:20:51.897 WARN  o.s.w.s.m.support.DefaultHandlerExceptionResolver :247  [32m                  [0;39m Resolved [org.springframework.web.method.annotation.MethodArgumentTypeMismatchException: Failed to convert value of type 'java.lang.String' to required type 'int'; For input string: "books"]
2024-09-02 15:20:51.903 WARN  o.s.w.s.m.support.DefaultHandlerExceptionResolver :247  [32m                  [0;39m Resolved [org.springframework.web.method.annotation.MethodArgumentTypeMismatchException: Failed to convert value of type 'java.lang.String' to required type 'int'; For input string: "undefined"]
2024-09-02 15:21:07.644 INFO  o.s.orm.jpa.LocalContainerEntityManagerFactoryBean:650  [32m                  [0;39m Closing JPA EntityManagerFactory for persistence unit 'default'
2024-09-02 15:21:07.647 INFO  com.zaxxer.hikari.HikariDataSource                :350  [32m                  [0;39m HikariPool-1 - Shutdown initiated...
2024-09-02 15:21:07.649 INFO  com.zaxxer.hikari.HikariDataSource                :352  [32m                  [0;39m HikariPool-1 - Shutdown completed.
2024-09-02 15:21:11.739 INFO  com.etc.mywiki.MyWikiApplication                  :50   [32m                  [0;39m Starting MyWikiApplication using Java 21.0.1 with PID 16716 (D:\software\coding\idea\ideacode\mywiki\target\classes started by 13578 in D:\software\coding\idea\ideacode\MyWiki)
2024-09-02 15:21:11.741 INFO  com.etc.mywiki.MyWikiApplication                  :654  [32m                  [0;39m No active profile set, falling back to 1 default profile: "default"
2024-09-02 15:21:12.361 INFO  o.s.d.r.config.RepositoryConfigurationDelegate    :143  [32m                  [0;39m Bootstrapping Spring Data JPA repositories in DEFAULT mode.
2024-09-02 15:21:12.379 INFO  o.s.d.r.config.RepositoryConfigurationDelegate    :211  [32m                  [0;39m Finished Spring Data repository scanning in 12 ms. Found 0 JPA repository interfaces.
2024-09-02 15:21:12.853 INFO  o.s.boot.web.embedded.tomcat.TomcatWebServer      :109  [32m                  [0;39m Tomcat initialized with port 8088 (http)
2024-09-02 15:21:12.865 INFO  org.apache.coyote.http11.Http11NioProtocol        :173  [32m                  [0;39m Initializing ProtocolHandler ["http-nio-8088"]
2024-09-02 15:21:12.867 INFO  org.apache.catalina.core.StandardService          :173  [32m                  [0;39m Starting service [Tomcat]
2024-09-02 15:21:12.867 INFO  org.apache.catalina.core.StandardEngine           :173  [32m                  [0;39m Starting Servlet engine: [Apache Tomcat/10.1.25]
2024-09-02 15:21:12.933 INFO  o.a.c.core.ContainerBase.[Tomcat].[localhost].[/] :173  [32m                  [0;39m Initializing Spring embedded WebApplicationContext
2024-09-02 15:21:12.934 INFO  o.s.b.w.s.c.ServletWebServerApplicationContext    :296  [32m                  [0;39m Root WebApplicationContext: initialization completed in 1144 ms
2024-09-02 15:21:13.058 INFO  com.zaxxer.hikari.HikariDataSource                :110  [32m                  [0;39m HikariPool-1 - Starting...
2024-09-02 15:21:13.183 INFO  com.zaxxer.hikari.pool.HikariPool                 :565  [32m                  [0;39m HikariPool-1 - Added connection com.mysql.cj.jdbc.ConnectionImpl@5fe46d52
2024-09-02 15:21:13.186 INFO  com.zaxxer.hikari.HikariDataSource                :123  [32m                  [0;39m HikariPool-1 - Start completed.
2024-09-02 15:21:13.226 INFO  org.hibernate.jpa.internal.util.LogHelper         :31   [32m                  [0;39m HHH000204: Processing PersistenceUnitInfo [name: default]
2024-09-02 15:21:13.293 INFO  org.hibernate.Version                             :44   [32m                  [0;39m HHH000412: Hibernate ORM core version 6.4.9.Final
2024-09-02 15:21:13.333 INFO  o.hibernate.cache.internal.RegionFactoryInitiator :50   [32m                  [0;39m HHH000026: Second-level cache disabled
2024-09-02 15:21:13.576 INFO  o.s.o.j.persistenceunit.SpringPersistenceUnitInfo :87   [32m                  [0;39m No LoadTimeWeaver setup: ignoring JPA class transformer
2024-09-02 15:21:14.464 INFO  o.h.e.t.jta.platform.internal.JtaPlatformInitiator:58   [32m                  [0;39m HHH000489: No JTA platform available (set 'hibernate.transaction.jta.platform' to enable JTA platform integration)
2024-09-02 15:21:14.467 INFO  o.s.orm.jpa.LocalContainerEntityManagerFactoryBean:437  [32m                  [0;39m Initialized JPA EntityManagerFactory for persistence unit 'default'
2024-09-02 15:21:14.777 WARN  o.s.b.a.o.j.JpaBaseConfiguration$JpaWebConfiguration:232  [32m                  [0;39m spring.jpa.open-in-view is enabled by default. Therefore, database queries may be performed during view rendering. Explicitly configure spring.jpa.open-in-view to disable this warning
2024-09-02 15:21:15.254 INFO  org.apache.coyote.http11.Http11NioProtocol        :173  [32m                  [0;39m Starting ProtocolHandler ["http-nio-8088"]
2024-09-02 15:21:15.270 INFO  o.s.boot.web.embedded.tomcat.TomcatWebServer      :241  [32m                  [0;39m Tomcat started on port 8088 (http) with context path ''
2024-09-02 15:21:15.279 INFO  com.etc.mywiki.MyWikiApplication                  :56   [32m                  [0;39m Started MyWikiApplication in 4.009 seconds (process running for 4.645)
2024-09-02 15:21:29.057 INFO  o.a.c.core.ContainerBase.[Tomcat].[localhost].[/] :173  [32m                  [0;39m Initializing Spring DispatcherServlet 'dispatcherServlet'
2024-09-02 15:21:29.058 INFO  org.springframework.web.servlet.DispatcherServlet :532  [32m                  [0;39m Initializing Servlet 'dispatcherServlet'
2024-09-02 15:21:29.059 INFO  org.springframework.web.servlet.DispatcherServlet :554  [32m                  [0;39m Completed initialization in 1 ms
2024-09-02 15:21:29.150 WARN  o.s.w.s.m.support.DefaultHandlerExceptionResolver :247  [32m                  [0;39m Resolved [org.springframework.web.method.annotation.MethodArgumentTypeMismatchException: Failed to convert value of type 'java.lang.String' to required type 'int'; For input string: "undefined"]
2024-09-02 15:21:38.224 WARN  o.s.w.s.m.support.DefaultHandlerExceptionResolver :247  [32m                  [0;39m Resolved [org.springframework.web.method.annotation.MethodArgumentTypeMismatchException: Failed to convert value of type 'java.lang.String' to required type 'int'; For input string: "undefined"]
2024-09-02 15:23:01.247 WARN  o.s.w.s.m.support.DefaultHandlerExceptionResolver :247  [32m                  [0;39m Resolved [org.springframework.web.method.annotation.MethodArgumentTypeMismatchException: Failed to convert value of type 'java.lang.String' to required type 'int'; For input string: "undefined"]
2024-09-02 15:23:04.906 WARN  o.s.w.s.m.support.DefaultHandlerExceptionResolver :247  [32m                  [0;39m Resolved [org.springframework.web.method.annotation.MethodArgumentTypeMismatchException: Failed to convert value of type 'java.lang.String' to required type 'int'; For input string: "undefined"]
2024-09-02 15:23:05.753 WARN  o.s.w.s.m.support.DefaultHandlerExceptionResolver :247  [32m                  [0;39m Resolved [org.springframework.web.method.annotation.MethodArgumentTypeMismatchException: Failed to convert value of type 'java.lang.String' to required type 'int'; For input string: "undefined"]
2024-09-02 15:23:06.450 WARN  o.s.w.s.m.support.DefaultHandlerExceptionResolver :247  [32m                  [0;39m Resolved [org.springframework.web.method.annotation.MethodArgumentTypeMismatchException: Failed to convert value of type 'java.lang.String' to required type 'int'; For input string: "undefined"]
2024-09-02 15:23:07.492 WARN  o.s.w.s.m.support.DefaultHandlerExceptionResolver :247  [32m                  [0;39m Resolved [org.springframework.web.method.annotation.MethodArgumentTypeMismatchException: Failed to convert value of type 'java.lang.String' to required type 'int'; For input string: "undefined"]
2024-09-02 15:23:07.682 WARN  o.s.w.s.m.support.DefaultHandlerExceptionResolver :247  [32m                  [0;39m Resolved [org.springframework.web.method.annotation.MethodArgumentTypeMismatchException: Failed to convert value of type 'java.lang.String' to required type 'int'; For input string: "undefined"]
2024-09-02 15:23:07.942 WARN  o.s.w.s.m.support.DefaultHandlerExceptionResolver :247  [32m                  [0;39m Resolved [org.springframework.web.method.annotation.MethodArgumentTypeMismatchException: Failed to convert value of type 'java.lang.String' to required type 'int'; For input string: "undefined"]
2024-09-02 15:28:16.443 WARN  o.s.w.s.m.support.DefaultHandlerExceptionResolver :247  [32m                  [0;39m Resolved [org.springframework.web.method.annotation.MethodArgumentTypeMismatchException: Failed to convert value of type 'java.lang.String' to required type 'int'; For input string: "undefined"]
2024-09-02 15:30:52.757 WARN  o.s.w.s.m.support.DefaultHandlerExceptionResolver :247  [32m                  [0;39m Resolved [org.springframework.web.method.annotation.MethodArgumentTypeMismatchException: Failed to convert value of type 'java.lang.String' to required type 'int'; For input string: "undefined"]
2024-09-02 15:30:57.751 WARN  o.s.w.s.m.support.DefaultHandlerExceptionResolver :247  [32m                  [0;39m Resolved [org.springframework.web.method.annotation.MethodArgumentTypeMismatchException: Failed to convert value of type 'java.lang.String' to required type 'int'; For input string: "undefined"]
2024-09-02 15:30:58.800 WARN  o.s.w.s.m.support.DefaultHandlerExceptionResolver :247  [32m                  [0;39m Resolved [org.springframework.web.method.annotation.MethodArgumentTypeMismatchException: Failed to convert value of type 'java.lang.String' to required type 'int'; For input string: "undefined"]
2024-09-02 15:31:19.408 WARN  o.s.w.s.m.support.DefaultHandlerExceptionResolver :247  [32m                  [0;39m Resolved [org.springframework.web.method.annotation.MethodArgumentTypeMismatchException: Failed to convert value of type 'java.lang.String' to required type 'int'; For input string: "undefined"]
2024-09-02 15:31:46.607 WARN  o.s.w.s.m.support.DefaultHandlerExceptionResolver :247  [32m                  [0;39m Resolved [org.springframework.web.method.annotation.MethodArgumentTypeMismatchException: Failed to convert value of type 'java.lang.String' to required type 'int'; For input string: "undefined"]
2024-09-02 15:33:31.667 WARN  o.s.w.s.m.support.DefaultHandlerExceptionResolver :247  [32m                  [0;39m Resolved [org.springframework.web.method.annotation.MethodArgumentTypeMismatchException: Failed to convert value of type 'java.lang.String' to required type 'int'; For input string: "undefined"]
2024-09-02 15:33:35.591 WARN  o.s.w.s.m.support.DefaultHandlerExceptionResolver :247  [32m                  [0;39m Resolved [org.springframework.web.method.annotation.MethodArgumentTypeMismatchException: Failed to convert value of type 'java.lang.String' to required type 'int'; For input string: "undefined"]
2024-09-02 15:36:38.586 WARN  o.s.w.s.m.support.DefaultHandlerExceptionResolver :247  [32m                  [0;39m Resolved [org.springframework.web.method.annotation.MethodArgumentTypeMismatchException: Failed to convert value of type 'java.lang.String' to required type 'int'; For input string: "undefined"]
2024-09-02 15:36:49.013 WARN  o.s.w.s.m.support.DefaultHandlerExceptionResolver :247  [32m                  [0;39m Resolved [org.springframework.web.method.annotation.MethodArgumentTypeMismatchException: Failed to convert value of type 'java.lang.String' to required type 'int'; For input string: "undefined"]
2024-09-02 15:39:58.681 WARN  o.s.w.s.m.support.DefaultHandlerExceptionResolver :247  [32m                  [0;39m Resolved [org.springframework.web.method.annotation.MethodArgumentTypeMismatchException: Failed to convert value of type 'java.lang.String' to required type 'int'; For input string: "undefined"]
2024-09-02 15:40:10.433 WARN  o.s.w.s.m.support.DefaultHandlerExceptionResolver :247  [32m                  [0;39m Resolved [org.springframework.web.method.annotation.MethodArgumentTypeMismatchException: Failed to convert value of type 'java.lang.String' to required type 'int'; For input string: "undefined"]
2024-09-02 16:06:21.038 WARN  o.s.w.s.m.support.DefaultHandlerExceptionResolver :247  [32m                  [0;39m Resolved [org.springframework.web.method.annotation.MethodArgumentTypeMismatchException: Failed to convert value of type 'java.lang.String' to required type 'int'; For input string: "undefined"]
2024-09-02 16:32:02.521 INFO  o.s.orm.jpa.LocalContainerEntityManagerFactoryBean:650  [32m                  [0;39m Closing JPA EntityManagerFactory for persistence unit 'default'
2024-09-02 16:32:02.524 INFO  com.zaxxer.hikari.HikariDataSource                :350  [32m                  [0;39m HikariPool-1 - Shutdown initiated...
2024-09-02 16:32:02.527 INFO  com.zaxxer.hikari.HikariDataSource                :352  [32m                  [0;39m HikariPool-1 - Shutdown completed.
2024-09-02 16:32:04.788 INFO  com.etc.mywiki.MyWikiApplication                  :50   [32m                  [0;39m Starting MyWikiApplication using Java 21.0.1 with PID 17004 (D:\software\coding\idea\ideacode\mywiki\target\classes started by 13578 in D:\software\coding\idea\ideacode\MyWiki)
2024-09-02 16:32:04.790 INFO  com.etc.mywiki.MyWikiApplication                  :654  [32m                  [0;39m No active profile set, falling back to 1 default profile: "default"
2024-09-02 16:32:05.377 INFO  o.s.d.r.config.RepositoryConfigurationDelegate    :143  [32m                  [0;39m Bootstrapping Spring Data JPA repositories in DEFAULT mode.
2024-09-02 16:32:05.395 INFO  o.s.d.r.config.RepositoryConfigurationDelegate    :211  [32m                  [0;39m Finished Spring Data repository scanning in 12 ms. Found 0 JPA repository interfaces.
2024-09-02 16:32:05.847 INFO  o.s.boot.web.embedded.tomcat.TomcatWebServer      :109  [32m                  [0;39m Tomcat initialized with port 8088 (http)
2024-09-02 16:32:05.856 INFO  org.apache.coyote.http11.Http11NioProtocol        :173  [32m                  [0;39m Initializing ProtocolHandler ["http-nio-8088"]
2024-09-02 16:32:05.857 INFO  org.apache.catalina.core.StandardService          :173  [32m                  [0;39m Starting service [Tomcat]
2024-09-02 16:32:05.858 INFO  org.apache.catalina.core.StandardEngine           :173  [32m                  [0;39m Starting Servlet engine: [Apache Tomcat/10.1.25]
2024-09-02 16:32:05.907 INFO  o.a.c.core.ContainerBase.[Tomcat].[localhost].[/] :173  [32m                  [0;39m Initializing Spring embedded WebApplicationContext
2024-09-02 16:32:05.907 INFO  o.s.b.w.s.c.ServletWebServerApplicationContext    :296  [32m                  [0;39m Root WebApplicationContext: initialization completed in 1077 ms
2024-09-02 16:32:06.015 INFO  com.zaxxer.hikari.HikariDataSource                :110  [32m                  [0;39m HikariPool-1 - Starting...
2024-09-02 16:32:06.141 INFO  com.zaxxer.hikari.pool.HikariPool                 :565  [32m                  [0;39m HikariPool-1 - Added connection com.mysql.cj.jdbc.ConnectionImpl@3e9beef2
2024-09-02 16:32:06.143 INFO  com.zaxxer.hikari.HikariDataSource                :123  [32m                  [0;39m HikariPool-1 - Start completed.
2024-09-02 16:32:06.177 INFO  org.hibernate.jpa.internal.util.LogHelper         :31   [32m                  [0;39m HHH000204: Processing PersistenceUnitInfo [name: default]
2024-09-02 16:32:06.217 INFO  org.hibernate.Version                             :44   [32m                  [0;39m HHH000412: Hibernate ORM core version 6.4.9.Final
2024-09-02 16:32:06.243 INFO  o.hibernate.cache.internal.RegionFactoryInitiator :50   [32m                  [0;39m HHH000026: Second-level cache disabled
2024-09-02 16:32:06.444 INFO  o.s.o.j.persistenceunit.SpringPersistenceUnitInfo :87   [32m                  [0;39m No LoadTimeWeaver setup: ignoring JPA class transformer
2024-09-02 16:32:07.210 INFO  o.h.e.t.jta.platform.internal.JtaPlatformInitiator:58   [32m                  [0;39m HHH000489: No JTA platform available (set 'hibernate.transaction.jta.platform' to enable JTA platform integration)
2024-09-02 16:32:07.214 INFO  o.s.orm.jpa.LocalContainerEntityManagerFactoryBean:437  [32m                  [0;39m Initialized JPA EntityManagerFactory for persistence unit 'default'
2024-09-02 16:32:07.500 WARN  o.s.b.a.o.j.JpaBaseConfiguration$JpaWebConfiguration:232  [32m                  [0;39m spring.jpa.open-in-view is enabled by default. Therefore, database queries may be performed during view rendering. Explicitly configure spring.jpa.open-in-view to disable this warning
2024-09-02 16:32:07.957 INFO  org.apache.coyote.http11.Http11NioProtocol        :173  [32m                  [0;39m Starting ProtocolHandler ["http-nio-8088"]
2024-09-02 16:32:07.973 INFO  o.s.boot.web.embedded.tomcat.TomcatWebServer      :241  [32m                  [0;39m Tomcat started on port 8088 (http) with context path ''
2024-09-02 16:32:07.980 INFO  com.etc.mywiki.MyWikiApplication                  :56   [32m                  [0;39m Started MyWikiApplication in 3.621 seconds (process running for 4.262)
2024-09-02 16:32:52.724 INFO  o.a.c.core.ContainerBase.[Tomcat].[localhost].[/] :173  [32m                  [0;39m Initializing Spring DispatcherServlet 'dispatcherServlet'
2024-09-02 16:32:52.724 INFO  org.springframework.web.servlet.DispatcherServlet :532  [32m                  [0;39m Initializing Servlet 'dispatcherServlet'
2024-09-02 16:32:52.725 INFO  org.springframework.web.servlet.DispatcherServlet :554  [32m                  [0;39m Completed initialization in 1 ms
2024-09-02 16:53:31.757 WARN  o.s.w.s.m.support.DefaultHandlerExceptionResolver :247  [32m                  [0;39m Resolved [org.springframework.web.method.annotation.MethodArgumentTypeMismatchException: Failed to convert value of type 'java.lang.String' to required type 'int'; For input string: "undefined"]
2024-09-02 16:53:39.677 WARN  o.s.w.s.m.support.DefaultHandlerExceptionResolver :247  [32m                  [0;39m Resolved [org.springframework.web.method.annotation.MethodArgumentTypeMismatchException: Failed to convert value of type 'java.lang.String' to required type 'int'; For input string: "undefined"]
2024-09-02 16:55:23.153 WARN  o.s.w.s.m.support.DefaultHandlerExceptionResolver :247  [32m                  [0;39m Resolved [org.springframework.web.method.annotation.MethodArgumentTypeMismatchException: Failed to convert value of type 'java.lang.String' to required type 'int'; For input string: "undefined"]
2024-09-02 16:55:56.917 WARN  o.s.w.s.m.support.DefaultHandlerExceptionResolver :247  [32m                  [0;39m Resolved [org.springframework.web.method.annotation.MethodArgumentTypeMismatchException: Failed to convert value of type 'java.lang.String' to required type 'int'; For input string: "undefined"]
2024-09-02 16:55:58.896 WARN  o.s.w.s.m.support.DefaultHandlerExceptionResolver :247  [32m                  [0;39m Resolved [org.springframework.web.method.annotation.MethodArgumentTypeMismatchException: Failed to convert value of type 'java.lang.String' to required type 'int'; For input string: "undefined"]
2024-09-02 16:56:16.709 WARN  o.s.w.s.m.support.DefaultHandlerExceptionResolver :247  [32m                  [0;39m Resolved [org.springframework.web.method.annotation.MethodArgumentTypeMismatchException: Failed to convert value of type 'java.lang.String' to required type 'int'; For input string: "undefined"]
2024-09-02 16:58:01.652 WARN  o.s.w.s.m.support.DefaultHandlerExceptionResolver :247  [32m                  [0;39m Resolved [org.springframework.web.method.annotation.MethodArgumentTypeMismatchException: Failed to convert value of type 'java.lang.String' to required type 'int'; For input string: "undefined"]
2024-09-02 16:58:49.141 WARN  o.s.w.s.m.support.DefaultHandlerExceptionResolver :247  [32m                  [0;39m Resolved [org.springframework.web.method.annotation.MethodArgumentTypeMismatchException: Failed to convert value of type 'java.lang.String' to required type 'int'; For input string: "undefined"]
2024-09-02 16:58:52.610 WARN  o.s.w.s.m.support.DefaultHandlerExceptionResolver :247  [32m                  [0;39m Resolved [org.springframework.web.method.annotation.MethodArgumentTypeMismatchException: Failed to convert value of type 'java.lang.String' to required type 'int'; For input string: "undefined"]
2024-09-02 16:58:57.408 WARN  o.s.w.s.m.support.DefaultHandlerExceptionResolver :247  [32m                  [0;39m Resolved [org.springframework.web.method.annotation.MethodArgumentTypeMismatchException: Failed to convert value of type 'java.lang.String' to required type 'int'; For input string: "undefined"]
2024-09-02 16:59:22.188 WARN  o.s.w.s.m.support.DefaultHandlerExceptionResolver :247  [32m                  [0;39m Resolved [org.springframework.web.method.annotation.MethodArgumentTypeMismatchException: Failed to convert value of type 'java.lang.String' to required type 'int'; For input string: "undefined"]
2024-09-02 16:59:34.978 WARN  o.s.w.s.m.support.DefaultHandlerExceptionResolver :247  [32m                  [0;39m Resolved [org.springframework.web.method.annotation.MethodArgumentTypeMismatchException: Failed to convert value of type 'java.lang.String' to required type 'int'; For input string: "undefined"]
2024-09-02 16:59:57.297 WARN  o.s.w.s.m.support.DefaultHandlerExceptionResolver :247  [32m                  [0;39m Resolved [org.springframework.web.method.annotation.MethodArgumentTypeMismatchException: Failed to convert value of type 'java.lang.String' to required type 'int'; For input string: "undefined"]
2024-09-02 17:01:00.289 WARN  o.s.w.s.m.support.DefaultHandlerExceptionResolver :247  [32m                  [0;39m Resolved [org.springframework.web.method.annotation.MethodArgumentTypeMismatchException: Failed to convert value of type 'java.lang.String' to required type 'int'; For input string: "undefined"]
2024-09-02 17:01:39.214 WARN  o.s.w.s.m.support.DefaultHandlerExceptionResolver :247  [32m                  [0;39m Resolved [org.springframework.web.method.annotation.MethodArgumentTypeMismatchException: Failed to convert value of type 'java.lang.String' to required type 'int'; For input string: "undefined"]
2024-09-02 17:06:16.172 WARN  o.s.w.s.m.support.DefaultHandlerExceptionResolver :247  [32m                  [0;39m Resolved [org.springframework.web.method.annotation.MethodArgumentTypeMismatchException: Failed to convert value of type 'java.lang.String' to required type 'int'; For input string: "undefined"]
2024-09-02 17:07:17.015 WARN  o.s.w.s.m.support.DefaultHandlerExceptionResolver :247  [32m                  [0;39m Resolved [org.springframework.web.method.annotation.MethodArgumentTypeMismatchException: Failed to convert value of type 'java.lang.String' to required type 'int'; For input string: "undefined"]
2024-09-02 17:07:21.664 WARN  o.s.w.s.m.support.DefaultHandlerExceptionResolver :247  [32m                  [0;39m Resolved [org.springframework.web.method.annotation.MethodArgumentTypeMismatchException: Failed to convert value of type 'java.lang.String' to required type 'int'; For input string: "undefined"]
2024-09-02 17:09:52.180 WARN  o.s.w.s.m.support.DefaultHandlerExceptionResolver :247  [32m                  [0;39m Resolved [org.springframework.web.method.annotation.MethodArgumentTypeMismatchException: Failed to convert value of type 'java.lang.String' to required type 'int'; For input string: "undefined"]
2024-09-02 17:09:58.498 WARN  o.s.w.s.m.support.DefaultHandlerExceptionResolver :247  [32m                  [0;39m Resolved [org.springframework.web.method.annotation.MethodArgumentTypeMismatchException: Failed to convert value of type 'java.lang.String' to required type 'int'; For input string: "undefined"]
2024-09-02 17:10:43.006 WARN  o.s.w.s.m.support.DefaultHandlerExceptionResolver :247  [32m                  [0;39m Resolved [org.springframework.web.method.annotation.MethodArgumentTypeMismatchException: Failed to convert value of type 'java.lang.String' to required type 'int'; For input string: "undefined"]
2024-09-02 17:12:28.184 WARN  o.s.w.s.m.support.DefaultHandlerExceptionResolver :247  [32m                  [0;39m Resolved [org.springframework.web.method.annotation.MethodArgumentTypeMismatchException: Failed to convert value of type 'java.lang.String' to required type 'int'; For input string: "undefined"]
2024-09-02 17:12:38.631 WARN  o.s.w.s.m.support.DefaultHandlerExceptionResolver :247  [32m                  [0;39m Resolved [org.springframework.web.method.annotation.MethodArgumentTypeMismatchException: Failed to convert value of type 'java.lang.String' to required type 'int'; For input string: "undefined"]
2024-09-02 17:14:42.811 WARN  o.s.w.s.m.support.DefaultHandlerExceptionResolver :247  [32m                  [0;39m Resolved [org.springframework.web.method.annotation.MethodArgumentTypeMismatchException: Failed to convert value of type 'java.lang.String' to required type 'int'; For input string: "undefined"]
2024-09-02 17:14:43.731 WARN  o.s.w.s.m.support.DefaultHandlerExceptionResolver :247  [32m                  [0;39m Resolved [org.springframework.web.method.annotation.MethodArgumentTypeMismatchException: Failed to convert value of type 'java.lang.String' to required type 'int'; For input string: "undefined"]
2024-09-02 17:14:43.897 WARN  o.s.w.s.m.support.DefaultHandlerExceptionResolver :247  [32m                  [0;39m Resolved [org.springframework.web.method.annotation.MethodArgumentTypeMismatchException: Failed to convert value of type 'java.lang.String' to required type 'int'; For input string: "undefined"]
2024-09-02 17:14:44.062 WARN  o.s.w.s.m.support.DefaultHandlerExceptionResolver :247  [32m                  [0;39m Resolved [org.springframework.web.method.annotation.MethodArgumentTypeMismatchException: Failed to convert value of type 'java.lang.String' to required type 'int'; For input string: "undefined"]
2024-09-02 17:14:56.105 WARN  o.s.w.s.m.support.DefaultHandlerExceptionResolver :247  [32m                  [0;39m Resolved [org.springframework.web.method.annotation.MethodArgumentTypeMismatchException: Failed to convert value of type 'java.lang.String' to required type 'int'; For input string: "undefined"]
2024-09-02 17:18:15.880 WARN  o.s.w.s.m.support.DefaultHandlerExceptionResolver :247  [32m                  [0;39m Resolved [org.springframework.web.method.annotation.MethodArgumentTypeMismatchException: Failed to convert value of type 'java.lang.String' to required type 'int'; For input string: "undefined"]
2024-09-02 17:18:21.765 WARN  o.s.w.s.m.support.DefaultHandlerExceptionResolver :247  [32m                  [0;39m Resolved [org.springframework.web.method.annotation.MethodArgumentTypeMismatchException: Failed to convert value of type 'java.lang.String' to required type 'int'; For input string: "undefined"]
2024-09-02 17:18:25.615 WARN  o.s.w.s.m.support.DefaultHandlerExceptionResolver :247  [32m                  [0;39m Resolved [org.springframework.web.method.annotation.MethodArgumentTypeMismatchException: Failed to convert value of type 'java.lang.String' to required type 'int'; For input string: "undefined"]
2024-09-02 17:18:30.574 WARN  o.s.w.s.m.support.DefaultHandlerExceptionResolver :247  [32m                  [0;39m Resolved [org.springframework.web.method.annotation.MethodArgumentTypeMismatchException: Failed to convert value of type 'java.lang.String' to required type 'int'; For input string: "undefined"]
2024-09-02 17:18:34.903 WARN  o.s.w.s.m.support.DefaultHandlerExceptionResolver :247  [32m                  [0;39m Resolved [org.springframework.web.method.annotation.MethodArgumentTypeMismatchException: Failed to convert value of type 'java.lang.String' to required type 'int'; For input string: "undefined"]
2024-09-02 17:20:37.416 WARN  o.s.w.s.m.support.DefaultHandlerExceptionResolver :247  [32m                  [0;39m Resolved [org.springframework.web.method.annotation.MethodArgumentTypeMismatchException: Failed to convert value of type 'java.lang.String' to required type 'int'; For input string: "undefined"]
2024-09-02 17:21:04.061 WARN  o.s.w.s.m.support.DefaultHandlerExceptionResolver :247  [32m                  [0;39m Resolved [org.springframework.web.method.annotation.MethodArgumentTypeMismatchException: Failed to convert value of type 'java.lang.String' to required type 'int'; For input string: "undefined"]
2024-09-02 17:21:09.873 WARN  o.s.w.s.m.support.DefaultHandlerExceptionResolver :247  [32m                  [0;39m Resolved [org.springframework.web.method.annotation.MethodArgumentTypeMismatchException: Failed to convert value of type 'java.lang.String' to required type 'int'; For input string: "undefined"]
2024-09-02 17:21:52.294 WARN  o.s.w.s.m.support.DefaultHandlerExceptionResolver :247  [32m                  [0;39m Resolved [org.springframework.web.method.annotation.MethodArgumentTypeMismatchException: Failed to convert value of type 'java.lang.String' to required type 'int'; For input string: "undefined"]
2024-09-02 17:21:53.638 WARN  o.s.w.s.m.support.DefaultHandlerExceptionResolver :247  [32m                  [0;39m Resolved [org.springframework.web.method.annotation.MethodArgumentTypeMismatchException: Failed to convert value of type 'java.lang.String' to required type 'int'; For input string: "undefined"]
2024-09-02 17:21:54.191 WARN  o.s.w.s.m.support.DefaultHandlerExceptionResolver :247  [32m                  [0;39m Resolved [org.springframework.web.method.annotation.MethodArgumentTypeMismatchException: Failed to convert value of type 'java.lang.String' to required type 'int'; For input string: "undefined"]
2024-09-02 17:21:54.344 WARN  o.s.w.s.m.support.DefaultHandlerExceptionResolver :247  [32m                  [0;39m Resolved [org.springframework.web.method.annotation.MethodArgumentTypeMismatchException: Failed to convert value of type 'java.lang.String' to required type 'int'; For input string: "undefined"]
2024-09-02 17:21:54.514 WARN  o.s.w.s.m.support.DefaultHandlerExceptionResolver :247  [32m                  [0;39m Resolved [org.springframework.web.method.annotation.MethodArgumentTypeMismatchException: Failed to convert value of type 'java.lang.String' to required type 'int'; For input string: "undefined"]
2024-09-02 17:21:54.684 WARN  o.s.w.s.m.support.DefaultHandlerExceptionResolver :247  [32m                  [0;39m Resolved [org.springframework.web.method.annotation.MethodArgumentTypeMismatchException: Failed to convert value of type 'java.lang.String' to required type 'int'; For input string: "undefined"]
2024-09-02 17:21:54.884 WARN  o.s.w.s.m.support.DefaultHandlerExceptionResolver :247  [32m                  [0;39m Resolved [org.springframework.web.method.annotation.MethodArgumentTypeMismatchException: Failed to convert value of type 'java.lang.String' to required type 'int'; For input string: "undefined"]
2024-09-02 17:21:55.532 WARN  o.s.w.s.m.support.DefaultHandlerExceptionResolver :247  [32m                  [0;39m Resolved [org.springframework.web.method.annotation.MethodArgumentTypeMismatchException: Failed to convert value of type 'java.lang.String' to required type 'int'; For input string: "undefined"]
2024-09-02 17:23:10.934 WARN  o.s.w.s.m.support.DefaultHandlerExceptionResolver :247  [32m                  [0;39m Resolved [org.springframework.web.method.annotation.MethodArgumentTypeMismatchException: Failed to convert value of type 'java.lang.String' to required type 'int'; For input string: "undefined"]
2024-09-02 17:24:09.387 WARN  o.s.w.s.m.support.DefaultHandlerExceptionResolver :247  [32m                  [0;39m Resolved [org.springframework.web.method.annotation.MethodArgumentTypeMismatchException: Failed to convert value of type 'java.lang.String' to required type 'int'; For input string: "undefined"]
2024-09-02 17:24:49.677 WARN  o.s.w.s.m.support.DefaultHandlerExceptionResolver :247  [32m                  [0;39m Resolved [org.springframework.web.method.annotation.MethodArgumentTypeMismatchException: Failed to convert value of type 'java.lang.String' to required type 'int'; For input string: "undefined"]
2024-09-02 17:24:51.117 WARN  o.s.w.s.m.support.DefaultHandlerExceptionResolver :247  [32m                  [0;39m Resolved [org.springframework.web.method.annotation.MethodArgumentTypeMismatchException: Failed to convert value of type 'java.lang.String' to required type 'int'; For input string: "undefined"]
2024-09-02 17:25:08.549 WARN  o.s.w.s.m.support.DefaultHandlerExceptionResolver :247  [32m                  [0;39m Resolved [org.springframework.web.method.annotation.MethodArgumentTypeMismatchException: Failed to convert value of type 'java.lang.String' to required type 'int'; For input string: "undefined"]
2024-09-02 18:52:54.402 WARN  o.s.w.s.m.support.DefaultHandlerExceptionResolver :247  [32m                  [0;39m Resolved [org.springframework.web.method.annotation.MethodArgumentTypeMismatchException: Failed to convert value of type 'java.lang.String' to required type 'int'; For input string: "null"]
2024-09-02 18:52:58.460 WARN  o.s.w.s.m.support.DefaultHandlerExceptionResolver :247  [32m                  [0;39m Resolved [org.springframework.web.method.annotation.MethodArgumentTypeMismatchException: Failed to convert value of type 'java.lang.String' to required type 'int'; For input string: "null"]
2024-09-02 18:54:12.806 WARN  o.s.w.s.m.support.DefaultHandlerExceptionResolver :247  [32m                  [0;39m Resolved [org.springframework.web.method.annotation.MethodArgumentTypeMismatchException: Failed to convert value of type 'java.lang.String' to required type 'int'; For input string: "null"]
2024-09-02 18:54:21.283 WARN  o.s.w.s.m.support.DefaultHandlerExceptionResolver :247  [32m                  [0;39m Resolved [org.springframework.web.method.annotation.MethodArgumentTypeMismatchException: Failed to convert value of type 'java.lang.String' to required type 'int'; For input string: "null"]
2024-09-02 23:38:58.922 INFO  o.s.orm.jpa.LocalContainerEntityManagerFactoryBean:650  [32m                  [0;39m Closing JPA EntityManagerFactory for persistence unit 'default'
2024-09-02 23:38:58.937 INFO  com.zaxxer.hikari.HikariDataSource                :350  [32m                  [0;39m HikariPool-1 - Shutdown initiated...
2024-09-02 23:38:58.941 INFO  com.zaxxer.hikari.HikariDataSource                :352  [32m                  [0;39m HikariPool-1 - Shutdown completed.
